Using pre-set license
Built from '2020.3/staging' branch; Version is '2020.3.30f1 (1fb1bf06830e) revision 2077119'; Using compiler version '192528614'; Build Type 'Release'
OS: 'Windows 10  (10.0.19044) 64bit Professional' Language: 'en' Physical Memory: 6027 MB
BatchMode: 1, IsHumanControllingUs: 0, StartBugReporterOnCrash: 0, Is64bit: 1, IsPro: 0

COMMAND LINE ARGUMENTS:
C:\Program Files\Unity\Hub\Editor\2020.3.30f1\Editor\Unity.exe
-adb2
-batchMode
-noUpm
-name
AssetImportWorker0
-projectPath
C:/Users/sulto/Downloads/Match 3 Game Project
-logFile
Logs/AssetImportWorker0.log
-srvPort
63602
Successfully changed project path to: C:/Users/sulto/Downloads/Match 3 Game Project
C:/Users/sulto/Downloads/Match 3 Game Project
Using Asset Import Pipeline V2.
Refreshing native plugins compatible for Editor in 69.87 ms, found 2 plugins.
Preloading 0 native plugins for Editor in 0.00 ms.
Initialize engine version: 2020.3.30f1 (1fb1bf06830e)
[Subsystems] Discovering subsystems at path C:/Program Files/Unity/Hub/Editor/2020.3.30f1/Editor/Data/Resources/UnitySubsystems
[Subsystems] Discovering subsystems at path C:/Users/sulto/Downloads/Match 3 Game Project/Assets
GfxDevice: creating device client; threaded=0
Direct3D:
    Version:  Direct3D 11.0 [level 11.1]
    Renderer: Intel(R) HD Graphics Family (ID=0xa16)
    Vendor:   
    VRAM:     2048 MB
    Driver:   20.19.15.4549
Initialize mono
Mono path[0] = 'C:/Program Files/Unity/Hub/Editor/2020.3.30f1/Editor/Data/Managed'
Mono path[1] = 'C:/Program Files/Unity/Hub/Editor/2020.3.30f1/Editor/Data/MonoBleedingEdge/lib/mono/unityjit'
Mono config path = 'C:/Program Files/Unity/Hub/Editor/2020.3.30f1/Editor/Data/MonoBleedingEdge/etc'
Using monoOptions --debugger-agent=transport=dt_socket,embedding=1,server=y,suspend=n,address=127.0.0.1:56092
Begin MonoManager ReloadAssembly
Registering precompiled unity dll's ...
Register platform support module: C:/Program Files/Unity/Hub/Editor/2020.3.30f1/Editor/Data/PlaybackEngines/WindowsStandaloneSupport/UnityEditor.WindowsStandalone.Extensions.dll
Registered in 0.004839 seconds.
Native extension for WindowsStandalone target not found
Refreshing native plugins compatible for Editor in 74.81 ms, found 2 plugins.
Preloading 0 native plugins for Editor in 0.00 ms.
Mono: successfully reloaded assembly
- Completed reload, in  1.611 seconds
Domain Reload Profiling:
	ReloadAssembly (1612ms)
		BeginReloadAssembly (211ms)
			ExecutionOrderSort (0ms)
			DisableScriptedObjects (0ms)
			BackupInstance (0ms)
			ReleaseScriptingObjects (0ms)
			CreateAndSetChildDomain (2ms)
		EndReloadAssembly (1247ms)
			LoadAssemblies (197ms)
			RebuildTransferFunctionScriptingTraits (0ms)
			SetupTypeCache (399ms)
			ReleaseScriptCaches (0ms)
			RebuildScriptCaches (93ms)
			SetupLoadedEditorAssemblies (450ms)
				LogAssemblyErrors (0ms)
				InitializePlatformSupportModulesInManaged (14ms)
				SetLoadedEditorAssemblies (1ms)
				RefreshPlugins (75ms)
				BeforeProcessingInitializeOnLoad (36ms)
				ProcessInitializeOnLoadAttributes (239ms)
				ProcessInitializeOnLoadMethodAttributes (84ms)
				AfterProcessingInitializeOnLoad (0ms)
				EditorAssembliesLoaded (0ms)
			ExecutionOrderSort2 (0ms)
			AwakeInstancesAfterBackupRestoration (0ms)
Platform modules already initialized, skipping
Registering precompiled user dll's ...
Registered in 0.008496 seconds.
Begin MonoManager ReloadAssembly
Native extension for WindowsStandalone target not found
Refreshing native plugins compatible for Editor in 0.52 ms, found 2 plugins.
Preloading 0 native plugins for Editor in 0.00 ms.
Mono: successfully reloaded assembly
- Completed reload, in  2.422 seconds
Domain Reload Profiling:
	ReloadAssembly (2424ms)
		BeginReloadAssembly (392ms)
			ExecutionOrderSort (0ms)
			DisableScriptedObjects (14ms)
			BackupInstance (0ms)
			ReleaseScriptingObjects (0ms)
			CreateAndSetChildDomain (47ms)
		EndReloadAssembly (1896ms)
			LoadAssemblies (250ms)
			RebuildTransferFunctionScriptingTraits (0ms)
			SetupTypeCache (699ms)
			ReleaseScriptCaches (1ms)
			RebuildScriptCaches (118ms)
			SetupLoadedEditorAssemblies (657ms)
				LogAssemblyErrors (0ms)
				InitializePlatformSupportModulesInManaged (9ms)
				SetLoadedEditorAssemblies (1ms)
				RefreshPlugins (1ms)
				BeforeProcessingInitializeOnLoad (171ms)
				ProcessInitializeOnLoadAttributes (441ms)
				ProcessInitializeOnLoadMethodAttributes (20ms)
				AfterProcessingInitializeOnLoad (14ms)
				EditorAssembliesLoaded (1ms)
			ExecutionOrderSort2 (0ms)
			AwakeInstancesAfterBackupRestoration (14ms)
Platform modules already initialized, skipping
========================================================================
Worker process is ready to serve import requests
Launched and connected shader compiler UnityShaderCompiler.exe after 0.17 seconds
Refreshing native plugins compatible for Editor in 0.84 ms, found 2 plugins.
Preloading 0 native plugins for Editor in 0.00 ms.
Unloading 1533 Unused Serialized files (Serialized files now loaded: 0)
System memory in use before: 71.5 MB.
System memory in use after: 71.6 MB.

Unloading 18 unused Assets to reduce memory usage. Loaded Objects now: 1972.
Total: 5.719300 ms (FindLiveObjects: 0.193500 ms CreateObjectMapping: 0.112800 ms MarkObjects: 5.291600 ms  DeleteObjects: 0.119600 ms)

AssetImportParameters requested are different than current active one (requested -> active):
  custom:framework-win-MediaFoundation: 216162199b28c13a410421893ffa2e32 -> 
  custom:video-decoder-ogg-theora: a1e56fd34408186e4bbccfd4996cb3dc -> 
  custom:container-muxer-webm: aa71ff27fc2769a1b78a27578f13a17b -> 
  custom:container-demuxer-webm: 4f35f7cbe854078d1ac9338744f61a02 -> 
  custom:container-demuxer-ogg: 62fdf1f143b41e24485cea50d1cbac27 -> 
  custom:video-encoder-webm-vp8: eb34c28f22e8b96e1ab97ce403110664 -> 
  custom:video-codec-MediaFoundation-h265: 746d11721c4dcdbdad8f713fa42b33f4 -> 
  custom:video-decoder-webm-vp8: 9c59270c3fd7afecdb556c50c9e8de78 -> 
  custom:audio-decoder-ogg-vorbis: bf7c407c2cedff20999df2af8eb42d56 -> 
  custom:audio-encoder-webm-vorbis: bf7c407c2cedff20999df2af8eb42d56 -> 
========================================================================
Received Import Request.
  path: Assets/Prefabs/Row.prefab
  artifactKey: Guid(df8b52aafe6c88149ab932c15584d90a) Importer(815301076,1909f56bfc062723c751e8b465ee728b)
Start importing Assets/Prefabs/Row.prefab using Guid(df8b52aafe6c88149ab932c15584d90a) Importer(815301076,1909f56bfc062723c751e8b465ee728b)  -> (artifact id: '2f03c036e483eeffe207163877d86084') in 0.250220 seconds 
========================================================================
Received Import Request.
  Time since last request: 8.257368 seconds.
  path: Assets/Prefabs/Tile.prefab
  artifactKey: Guid(8f97cda178bdad04fa976d7b5d900022) Importer(815301076,1909f56bfc062723c751e8b465ee728b)
Start importing Assets/Prefabs/Tile.prefab using Guid(8f97cda178bdad04fa976d7b5d900022) Importer(815301076,1909f56bfc062723c751e8b465ee728b)  -> (artifact id: 'd671da2ac64ec02decfe13db1580684b') in 0.016700 seconds 
========================================================================
Received Prepare
Registering precompiled user dll's ...
Registered in 0.010958 seconds.
Begin MonoManager ReloadAssembly
Native extension for WindowsStandalone target not found
Refreshing native plugins compatible for Editor in 0.95 ms, found 2 plugins.
Preloading 0 native plugins for Editor in 0.00 ms.
Mono: successfully reloaded assembly
- Completed reload, in  2.135 seconds
Domain Reload Profiling:
	ReloadAssembly (2136ms)
		BeginReloadAssembly (245ms)
			ExecutionOrderSort (0ms)
			DisableScriptedObjects (10ms)
			BackupInstance (0ms)
			ReleaseScriptingObjects (0ms)
			CreateAndSetChildDomain (62ms)
		EndReloadAssembly (1755ms)
			LoadAssemblies (226ms)
			RebuildTransferFunctionScriptingTraits (0ms)
			SetupTypeCache (623ms)
			ReleaseScriptCaches (1ms)
			RebuildScriptCaches (88ms)
			SetupLoadedEditorAssemblies (644ms)
				LogAssemblyErrors (0ms)
				InitializePlatformSupportModulesInManaged (10ms)
				SetLoadedEditorAssemblies (1ms)
				RefreshPlugins (1ms)
				BeforeProcessingInitializeOnLoad (161ms)
				ProcessInitializeOnLoadAttributes (438ms)
				ProcessInitializeOnLoadMethodAttributes (19ms)
				AfterProcessingInitializeOnLoad (14ms)
				EditorAssembliesLoaded (0ms)
			ExecutionOrderSort2 (0ms)
			AwakeInstancesAfterBackupRestoration (15ms)
Platform modules already initialized, skipping
Refreshing native plugins compatible for Editor in 0.54 ms, found 2 plugins.
Preloading 0 native plugins for Editor in 0.00 ms.
Unloading 1514 Unused Serialized files (Serialized files now loaded: 0)
System memory in use before: 70.1 MB.
System memory in use after: 70.2 MB.

Unloading 14 unused Assets to reduce memory usage. Loaded Objects now: 1974.
Total: 7.033900 ms (FindLiveObjects: 0.230200 ms CreateObjectMapping: 0.105900 ms MarkObjects: 6.648500 ms  DeleteObjects: 0.047600 ms)

AssetImportParameters requested are different than current active one (requested -> active):
  custom:framework-win-MediaFoundation: 216162199b28c13a410421893ffa2e32 -> 
  custom:video-decoder-ogg-theora: a1e56fd34408186e4bbccfd4996cb3dc -> 
  custom:container-muxer-webm: aa71ff27fc2769a1b78a27578f13a17b -> 
  custom:container-demuxer-webm: 4f35f7cbe854078d1ac9338744f61a02 -> 
  custom:container-demuxer-ogg: 62fdf1f143b41e24485cea50d1cbac27 -> 
  custom:video-encoder-webm-vp8: eb34c28f22e8b96e1ab97ce403110664 -> 
  custom:video-codec-MediaFoundation-h265: 746d11721c4dcdbdad8f713fa42b33f4 -> 
  custom:video-decoder-webm-vp8: 9c59270c3fd7afecdb556c50c9e8de78 -> 
  custom:audio-decoder-ogg-vorbis: bf7c407c2cedff20999df2af8eb42d56 -> 
  custom:audio-encoder-webm-vorbis: bf7c407c2cedff20999df2af8eb42d56 -> 
========================================================================
Received Import Request.
  Time since last request: 6132.171052 seconds.
  path: Assets/Audio
  artifactKey: Guid(1925c233b3ab92245b049f9d9a2fa59c) Importer(815301076,1909f56bfc062723c751e8b465ee728b)
Start importing Assets/Audio using Guid(1925c233b3ab92245b049f9d9a2fa59c) Importer(815301076,1909f56bfc062723c751e8b465ee728b)  -> (artifact id: 'ea1ce62b8ed501559834c3022dbc20c0') in 0.063051 seconds 
========================================================================
Received Import Request.
  Time since last request: 0.872608 seconds.
  path: Assets/Plugins
  artifactKey: Guid(d38710e37830052438367ad4e37abd15) Importer(815301076,1909f56bfc062723c751e8b465ee728b)
Start importing Assets/Plugins using Guid(d38710e37830052438367ad4e37abd15) Importer(815301076,1909f56bfc062723c751e8b465ee728b)  -> (artifact id: '69a92b6f487726848e17b655a5b257a5') in 0.025009 seconds 
========================================================================
Received Import Request.
  Time since last request: 0.507955 seconds.
  path: Assets/Prefabs
  artifactKey: Guid(ac33de9c6cfe8674ab2c576e36aeefd2) Importer(815301076,1909f56bfc062723c751e8b465ee728b)
Start importing Assets/Prefabs using Guid(ac33de9c6cfe8674ab2c576e36aeefd2) Importer(815301076,1909f56bfc062723c751e8b465ee728b)  -> (artifact id: '78df867c7e7d65cc19a77d9ecf0c13b3') in 0.023633 seconds 
========================================================================
Received Import Request.
  Time since last request: 0.362503 seconds.
  path: Assets/Resources
  artifactKey: Guid(a40829e8ba3094e4db6bd369d2ada694) Importer(815301076,1909f56bfc062723c751e8b465ee728b)
Start importing Assets/Resources using Guid(a40829e8ba3094e4db6bd369d2ada694) Importer(815301076,1909f56bfc062723c751e8b465ee728b)  -> (artifact id: '596b3666a6bcab27e2a5ce81d06c7850') in 0.023776 seconds 
========================================================================
Received Import Request.
  Time since last request: 0.991260 seconds.
  path: Assets/Scripts
  artifactKey: Guid(6e83ca37b39cc40418a1ed635e2eafd2) Importer(815301076,1909f56bfc062723c751e8b465ee728b)
Start importing Assets/Scripts using Guid(6e83ca37b39cc40418a1ed635e2eafd2) Importer(815301076,1909f56bfc062723c751e8b465ee728b)  -> (artifact id: '3491e52d850f338640549f4029b48dbb') in 0.023763 seconds 
========================================================================
Received Import Request.
  Time since last request: 0.187750 seconds.
  path: Assets/Sprites
  artifactKey: Guid(5bccfd9f380e04b4382029e859f9c399) Importer(815301076,1909f56bfc062723c751e8b465ee728b)
Start importing Assets/Sprites using Guid(5bccfd9f380e04b4382029e859f9c399) Importer(815301076,1909f56bfc062723c751e8b465ee728b)  -> (artifact id: 'c4293bf385017ebe92e95bc74c9a41bb') in 0.022891 seconds 
========================================================================
Received Import Request.
  Time since last request: 0.261894 seconds.
  path: Assets/TextMesh Pro
  artifactKey: Guid(f54d1bd14bd3ca042bd867b519fee8cc) Importer(815301076,1909f56bfc062723c751e8b465ee728b)
Start importing Assets/TextMesh Pro using Guid(f54d1bd14bd3ca042bd867b519fee8cc) Importer(815301076,1909f56bfc062723c751e8b465ee728b)  -> (artifact id: '16b4cbde9565bf190136f1148817e1ea') in 0.027347 seconds 
========================================================================
Received Import Request.
  Time since last request: 0.197492 seconds.
  path: Assets/Tile_Types
  artifactKey: Guid(d73e8c26f6745e649b71fa30d2404669) Importer(815301076,1909f56bfc062723c751e8b465ee728b)
Start importing Assets/Tile_Types using Guid(d73e8c26f6745e649b71fa30d2404669) Importer(815301076,1909f56bfc062723c751e8b465ee728b)  -> (artifact id: '061907685fae4f70475c6528d21628f6') in 0.030403 seconds 
========================================================================
Received Import Request.
  Time since last request: 6.607618 seconds.
  path: Assets/Plugins/Demigiant
  artifactKey: Guid(81f8d82dea1560f49a789dd70270d0ea) Importer(815301076,1909f56bfc062723c751e8b465ee728b)
Start importing Assets/Plugins/Demigiant using Guid(81f8d82dea1560f49a789dd70270d0ea) Importer(815301076,1909f56bfc062723c751e8b465ee728b)  -> (artifact id: 'e24c10f9efd98d0fca853ddb60fb0703') in 0.036038 seconds 
========================================================================
Received Import Request.
  Time since last request: 5.512310 seconds.
  path: Assets/Prefabs/Row.prefab
  artifactKey: Guid(df8b52aafe6c88149ab932c15584d90a) Importer(815301076,1909f56bfc062723c751e8b465ee728b)
Start importing Assets/Prefabs/Row.prefab using Guid(df8b52aafe6c88149ab932c15584d90a) Importer(815301076,1909f56bfc062723c751e8b465ee728b)  -> (artifact id: '950ae71872da0c5b9efedeb4fae00f8e') in 0.221984 seconds 
========================================================================
Received Import Request.
  Time since last request: 4.847325 seconds.
  path: Assets/Resources/Items
  artifactKey: Guid(0b23f0b2bc03e3a4d9a65ebda2974cb0) Importer(815301076,1909f56bfc062723c751e8b465ee728b)
Start importing Assets/Resources/Items using Guid(0b23f0b2bc03e3a4d9a65ebda2974cb0) Importer(815301076,1909f56bfc062723c751e8b465ee728b)  -> (artifact id: '2d7771a2b3ae3d193c0067d9bb8fab56') in 0.086434 seconds 
========================================================================
Received Import Request.
  Time since last request: 36.511159 seconds.
  path: Assets/Scripts/MatchThreeEngine/Board.cs
  artifactKey: Guid(1b6ec82f2e7648bc8496f897f3212a9a) Importer(815301076,1909f56bfc062723c751e8b465ee728b)
Start importing Assets/Scripts/MatchThreeEngine/Board.cs using Guid(1b6ec82f2e7648bc8496f897f3212a9a) Importer(815301076,1909f56bfc062723c751e8b465ee728b)  -> (artifact id: '7edb154ab3c2f735a10364c92b053628') in 0.158338 seconds 
========================================================================
Received Import Request.
  Time since last request: 0.468319 seconds.
  path: Assets/Scripts/MatchThreeEngine/Match.cs
  artifactKey: Guid(b3712326559f40d88fa243e5476c0c42) Importer(815301076,1909f56bfc062723c751e8b465ee728b)
Start importing Assets/Scripts/MatchThreeEngine/Match.cs using Guid(b3712326559f40d88fa243e5476c0c42) Importer(815301076,1909f56bfc062723c751e8b465ee728b)  -> (artifact id: '485bc3fbb106e3b48bd2d557ba40b016') in 0.016844 seconds 
========================================================================
Received Import Request.
  Time since last request: 2.216478 seconds.
  path: Assets/Scripts/MatchThreeEngine/Move.cs
  artifactKey: Guid(5443d3f4844b418a95db8c071aa1ba14) Importer(815301076,1909f56bfc062723c751e8b465ee728b)
Start importing Assets/Scripts/MatchThreeEngine/Move.cs using Guid(5443d3f4844b418a95db8c071aa1ba14) Importer(815301076,1909f56bfc062723c751e8b465ee728b)  -> (artifact id: 'e962e886520e7fcfd05c4b41fc291b3a') in 0.017052 seconds 
========================================================================
Received Import Request.
  Time since last request: 1.262081 seconds.
  path: Assets/Scripts/MatchThreeEngine/Row.cs
  artifactKey: Guid(251d24d8daee4427be26ce5f28a7c54e) Importer(815301076,1909f56bfc062723c751e8b465ee728b)
Start importing Assets/Scripts/MatchThreeEngine/Row.cs using Guid(251d24d8daee4427be26ce5f28a7c54e) Importer(815301076,1909f56bfc062723c751e8b465ee728b)  -> (artifact id: 'd6148d556bdde9a9fdd6c5bca7ba23f3') in 0.010245 seconds 
========================================================================
Received Import Request.
  Time since last request: 1.562415 seconds.
  path: Assets/Scripts/MatchThreeEngine/Tile.cs
  artifactKey: Guid(eab4f6e3fb9240439efb17a249873297) Importer(815301076,1909f56bfc062723c751e8b465ee728b)
Start importing Assets/Scripts/MatchThreeEngine/Tile.cs using Guid(eab4f6e3fb9240439efb17a249873297) Importer(815301076,1909f56bfc062723c751e8b465ee728b)  -> (artifact id: 'f53b43b0a98400e2165fbce207ae1982') in 0.009050 seconds 
========================================================================
Received Import Request.
  Time since last request: 1.616263 seconds.
  path: Assets/Scripts/MatchThreeEngine/TileData.cs
  artifactKey: Guid(98e400de8be84755a8c36c7fcadc717f) Importer(815301076,1909f56bfc062723c751e8b465ee728b)
Start importing Assets/Scripts/MatchThreeEngine/TileData.cs using Guid(98e400de8be84755a8c36c7fcadc717f) Importer(815301076,1909f56bfc062723c751e8b465ee728b)  -> (artifact id: '5087109f95e9b86d6095787e974bdd60') in 0.035974 seconds 
========================================================================
Received Import Request.
  Time since last request: 15.877971 seconds.
  path: Assets/Scripts/MatchThreeEngine/TileDataMatrixUtility.cs
  artifactKey: Guid(0070efc04cc6424ca08b2cbbfe7d7d01) Importer(815301076,1909f56bfc062723c751e8b465ee728b)
Start importing Assets/Scripts/MatchThreeEngine/TileDataMatrixUtility.cs using Guid(0070efc04cc6424ca08b2cbbfe7d7d01) Importer(815301076,1909f56bfc062723c751e8b465ee728b)  -> (artifact id: '521c4561e3da8e2e0cc96a04b16dcc32') in 0.023563 seconds 
========================================================================
Received Prepare
Registering precompiled user dll's ...
Registered in 0.064924 seconds.
Begin MonoManager ReloadAssembly
Native extension for WindowsStandalone target not found
Refreshing native plugins compatible for Editor in 0.63 ms, found 2 plugins.
Preloading 0 native plugins for Editor in 0.00 ms.
Mono: successfully reloaded assembly
- Completed reload, in  2.632 seconds
Domain Reload Profiling:
	ReloadAssembly (2634ms)
		BeginReloadAssembly (506ms)
			ExecutionOrderSort (0ms)
			DisableScriptedObjects (27ms)
			BackupInstance (0ms)
			ReleaseScriptingObjects (1ms)
			CreateAndSetChildDomain (238ms)
		EndReloadAssembly (1980ms)
			LoadAssemblies (273ms)
			RebuildTransferFunctionScriptingTraits (0ms)
			SetupTypeCache (712ms)
			ReleaseScriptCaches (1ms)
			RebuildScriptCaches (95ms)
			SetupLoadedEditorAssemblies (729ms)
				LogAssemblyErrors (0ms)
				InitializePlatformSupportModulesInManaged (11ms)
				SetLoadedEditorAssemblies (1ms)
				RefreshPlugins (1ms)
				BeforeProcessingInitializeOnLoad (172ms)
				ProcessInitializeOnLoadAttributes (509ms)
				ProcessInitializeOnLoadMethodAttributes (21ms)
				AfterProcessingInitializeOnLoad (14ms)
				EditorAssembliesLoaded (1ms)
			ExecutionOrderSort2 (0ms)
			AwakeInstancesAfterBackupRestoration (13ms)
Platform modules already initialized, skipping
Refreshing native plugins compatible for Editor in 1.02 ms, found 2 plugins.
Preloading 0 native plugins for Editor in 0.00 ms.
Unloading 1514 Unused Serialized files (Serialized files now loaded: 0)
System memory in use before: 70.1 MB.
System memory in use after: 70.2 MB.

Unloading 14 unused Assets to reduce memory usage. Loaded Objects now: 1976.
Total: 5.126100 ms (FindLiveObjects: 0.380000 ms CreateObjectMapping: 0.165200 ms MarkObjects: 4.500100 ms  DeleteObjects: 0.078200 ms)

AssetImportParameters requested are different than current active one (requested -> active):
  custom:framework-win-MediaFoundation: 216162199b28c13a410421893ffa2e32 -> 
  custom:video-decoder-ogg-theora: a1e56fd34408186e4bbccfd4996cb3dc -> 
  custom:container-muxer-webm: aa71ff27fc2769a1b78a27578f13a17b -> 
  custom:container-demuxer-webm: 4f35f7cbe854078d1ac9338744f61a02 -> 
  custom:container-demuxer-ogg: 62fdf1f143b41e24485cea50d1cbac27 -> 
  custom:video-encoder-webm-vp8: eb34c28f22e8b96e1ab97ce403110664 -> 
  custom:video-codec-MediaFoundation-h265: 746d11721c4dcdbdad8f713fa42b33f4 -> 
  custom:video-decoder-webm-vp8: 9c59270c3fd7afecdb556c50c9e8de78 -> 
  custom:audio-decoder-ogg-vorbis: bf7c407c2cedff20999df2af8eb42d56 -> 
  custom:audio-encoder-webm-vorbis: bf7c407c2cedff20999df2af8eb42d56 -> 
========================================================================
Received Import Request.
  Time since last request: 1093.418058 seconds.
  path: Assets/Scripts/MatchThreeEngine/TileTypeAsset.cs
  artifactKey: Guid(51d742e6c1f64287bcbf4ece0ac2dc56) Importer(815301076,1909f56bfc062723c751e8b465ee728b)
Start importing Assets/Scripts/MatchThreeEngine/TileTypeAsset.cs using Guid(51d742e6c1f64287bcbf4ece0ac2dc56) Importer(815301076,1909f56bfc062723c751e8b465ee728b)  -> (artifact id: '4df84bc2a6f6a0d012767826773746cd') in 0.027191 seconds 
========================================================================
Received Prepare
Registering precompiled user dll's ...
Registered in 0.008458 seconds.
Begin MonoManager ReloadAssembly
Native extension for WindowsStandalone target not found
Refreshing native plugins compatible for Editor in 0.89 ms, found 2 plugins.
Preloading 0 native plugins for Editor in 0.00 ms.
Mono: successfully reloaded assembly
- Completed reload, in  4.466 seconds
Domain Reload Profiling:
	ReloadAssembly (4467ms)
		BeginReloadAssembly (432ms)
			ExecutionOrderSort (0ms)
			DisableScriptedObjects (10ms)
			BackupInstance (0ms)
			ReleaseScriptingObjects (0ms)
			CreateAndSetChildDomain (80ms)
		EndReloadAssembly (3272ms)
			LoadAssemblies (459ms)
			RebuildTransferFunctionScriptingTraits (0ms)
			SetupTypeCache (1509ms)
			ReleaseScriptCaches (1ms)
			RebuildScriptCaches (167ms)
			SetupLoadedEditorAssemblies (922ms)
				LogAssemblyErrors (0ms)
				InitializePlatformSupportModulesInManaged (13ms)
				SetLoadedEditorAssemblies (1ms)
				RefreshPlugins (1ms)
				BeforeProcessingInitializeOnLoad (221ms)
				ProcessInitializeOnLoadAttributes (626ms)
				ProcessInitializeOnLoadMethodAttributes (35ms)
				AfterProcessingInitializeOnLoad (24ms)
				EditorAssembliesLoaded (1ms)
			ExecutionOrderSort2 (0ms)
			AwakeInstancesAfterBackupRestoration (17ms)
Platform modules already initialized, skipping
Refreshing native plugins compatible for Editor in 3.58 ms, found 2 plugins.
Preloading 0 native plugins for Editor in 0.00 ms.
Unloading 1514 Unused Serialized files (Serialized files now loaded: 0)
System memory in use before: 70.1 MB.
System memory in use after: 70.2 MB.

Unloading 13 unused Assets to reduce memory usage. Loaded Objects now: 1978.
Total: 8.372500 ms (FindLiveObjects: 0.363100 ms CreateObjectMapping: 0.245500 ms MarkObjects: 7.715000 ms  DeleteObjects: 0.046400 ms)

AssetImportParameters requested are different than current active one (requested -> active):
  custom:framework-win-MediaFoundation: 216162199b28c13a410421893ffa2e32 -> 
  custom:video-decoder-ogg-theora: a1e56fd34408186e4bbccfd4996cb3dc -> 
  custom:container-muxer-webm: aa71ff27fc2769a1b78a27578f13a17b -> 
  custom:container-demuxer-webm: 4f35f7cbe854078d1ac9338744f61a02 -> 
  custom:container-demuxer-ogg: 62fdf1f143b41e24485cea50d1cbac27 -> 
  custom:video-encoder-webm-vp8: eb34c28f22e8b96e1ab97ce403110664 -> 
  custom:video-codec-MediaFoundation-h265: 746d11721c4dcdbdad8f713fa42b33f4 -> 
  custom:video-decoder-webm-vp8: 9c59270c3fd7afecdb556c50c9e8de78 -> 
  custom:audio-decoder-ogg-vorbis: bf7c407c2cedff20999df2af8eb42d56 -> 
  custom:audio-encoder-webm-vorbis: bf7c407c2cedff20999df2af8eb42d56 -> 
========================================================================
Received Prepare
Registering precompiled user dll's ...
Registered in 0.015859 seconds.
Begin MonoManager ReloadAssembly
Native extension for WindowsStandalone target not found
Refreshing native plugins compatible for Editor in 1.38 ms, found 2 plugins.
Preloading 0 native plugins for Editor in 0.00 ms.
Mono: successfully reloaded assembly
- Completed reload, in  3.616 seconds
Domain Reload Profiling:
	ReloadAssembly (3617ms)
		BeginReloadAssembly (430ms)
			ExecutionOrderSort (0ms)
			DisableScriptedObjects (26ms)
			BackupInstance (0ms)
			ReleaseScriptingObjects (0ms)
			CreateAndSetChildDomain (111ms)
		EndReloadAssembly (2941ms)
			LoadAssemblies (383ms)
			RebuildTransferFunctionScriptingTraits (0ms)
			SetupTypeCache (1013ms)
			ReleaseScriptCaches (2ms)
			RebuildScriptCaches (106ms)
			SetupLoadedEditorAssemblies (1118ms)
				LogAssemblyErrors (0ms)
				InitializePlatformSupportModulesInManaged (22ms)
				SetLoadedEditorAssemblies (2ms)
				RefreshPlugins (2ms)
				BeforeProcessingInitializeOnLoad (308ms)
				ProcessInitializeOnLoadAttributes (731ms)
				ProcessInitializeOnLoadMethodAttributes (28ms)
				AfterProcessingInitializeOnLoad (25ms)
				EditorAssembliesLoaded (1ms)
			ExecutionOrderSort2 (0ms)
			AwakeInstancesAfterBackupRestoration (34ms)
Platform modules already initialized, skipping
Refreshing native plugins compatible for Editor in 0.59 ms, found 2 plugins.
Preloading 0 native plugins for Editor in 0.00 ms.
Unloading 1514 Unused Serialized files (Serialized files now loaded: 0)
System memory in use before: 70.1 MB.
System memory in use after: 70.3 MB.

Unloading 13 unused Assets to reduce memory usage. Loaded Objects now: 1980.
Total: 7.549800 ms (FindLiveObjects: 0.380300 ms CreateObjectMapping: 0.428500 ms MarkObjects: 6.692000 ms  DeleteObjects: 0.046300 ms)

AssetImportParameters requested are different than current active one (requested -> active):
  custom:framework-win-MediaFoundation: 216162199b28c13a410421893ffa2e32 -> 
  custom:video-decoder-ogg-theora: a1e56fd34408186e4bbccfd4996cb3dc -> 
  custom:container-muxer-webm: aa71ff27fc2769a1b78a27578f13a17b -> 
  custom:container-demuxer-webm: 4f35f7cbe854078d1ac9338744f61a02 -> 
  custom:container-demuxer-ogg: 62fdf1f143b41e24485cea50d1cbac27 -> 
  custom:video-encoder-webm-vp8: eb34c28f22e8b96e1ab97ce403110664 -> 
  custom:video-codec-MediaFoundation-h265: 746d11721c4dcdbdad8f713fa42b33f4 -> 
  custom:video-decoder-webm-vp8: 9c59270c3fd7afecdb556c50c9e8de78 -> 
  custom:audio-decoder-ogg-vorbis: bf7c407c2cedff20999df2af8eb42d56 -> 
  custom:audio-encoder-webm-vorbis: bf7c407c2cedff20999df2af8eb42d56 -> 
AssetImportWorkerClient::OnTransportError - code=2 error=End of file
